<?xml version="1.0" encoding="UTF-8"?>
<!-- Generated by org.testng.reporters.JUnitReportReporter -->
<testsuite hostname="Asiya" failures="0" tests="1" name="runner.MyRunner" time="11.555" errors="0" timestamp="2024-07-15T19:46:04 EDT" skipped="0">
  <testcase classname="runner.MyRunner" name="runScenario" time="11.555"/>
  <system-out/>
</testsuite> <!-- runner.MyRunner -->
